2026.05.19 19-45-23 -- ERROR -- No matching user: 'TheRisingStorm'
2026.05.19 21-18-22 -- INFO -- In-class password encapsulation executed. Password hashed for user: 'StormRunner'
2026.05.19 21-18-22 -- INFO -- Item initialized successfully: 'Футбольный мяч' (ID: 86f6d39c-f180-4c6a-acee-f1a1b03a6fce, Condition: NEW)
2026.05.19 21-18-22 -- INFO -- Item initialized successfully: 'Футбольный мяч' (ID: dad584c6-ef97-495f-8c0f-d05d13b1fb5a, Condition: NEW)
2026.05.19 21-18-22 -- INFO -- Item initialized successfully: 'Футбольный мяч' (ID: 5d4022c1-e55d-494c-81b1-eb1532d9b922, Condition: BROKEN)
2026.05.19 21-18-22 -- INFO -- New unique item slot registered in inventory list: 'Футбольный мяч' (ID: 86f6d39c-f180-4c6a-acee-f1a1b03a6fce)
2026.05.19 21-18-22 -- INFO -- Stacked up +2 to item ID: 86f6d39c-f180-4c6a-acee-f1a1b03a6fce. New total amount: 5
2026.05.19 21-18-22 -- INFO -- New unique item slot registered in inventory list: 'Футбольный мяч' (ID: 5d4022c1-e55d-494c-81b1-eb1532d9b922)
2026.05.19 21-18-22 -- INFO -- Atomic disk sync successful for user: 'StormRunner'
2026.05.19 21-20-07 -- INFO -- In-class password encapsulation executed. Password hashed for user: 'StormRunner'
2026.05.19 21-20-08 -- INFO -- Item initialized successfully: 'Эспандер ленточный' (ID: 359e941b-027e-455a-8757-fb28c4f9f31e, Condition: USED)
2026.05.19 21-20-08 -- INFO -- New unique item slot registered in inventory list: 'Эспандер ленточный' (ID: 359e941b-027e-455a-8757-fb28c4f9f31e)
2026.05.19 21-20-08 -- INFO -- Item initialized successfully: 'Набор для пинг-понга' (ID: 3beb0d8a-797f-43c7-92e3-cd3c0a826c46, Condition: USED)
2026.05.19 21-20-08 -- INFO -- New unique item slot registered in inventory list: 'Набор для пинг-понга' (ID: 3beb0d8a-797f-43c7-92e3-cd3c0a826c46)
2026.05.19 21-20-08 -- INFO -- Atomic disk sync successful for user: 'StormRunner'
2026.05.19 21-44-14 -- ERROR -- Failed to download icon default: HTTP Error 404: Not Found
2026.05.19 21-44-15 -- INFO -- Asset bootstrapped from cloud storage: cardio_machine.png
2026.05.19 21-44-15 -- ERROR -- Failed to download icon strength_machine: HTTP Error 404: Not Found
2026.05.19 21-44-16 -- INFO -- Asset bootstrapped from cloud storage: free_weight.png
2026.05.19 21-44-16 -- ERROR -- Failed to download icon bench: HTTP Error 404: Not Found
2026.05.19 21-44-17 -- INFO -- Asset bootstrapped from cloud storage: flexibility_equipment.png
2026.05.19 21-44-18 -- INFO -- Asset bootstrapped from cloud storage: ball.png
2026.05.19 21-44-18 -- ERROR -- Failed to download icon sports_gear: HTTP Error 404: Not Found
2026.05.19 21-44-19 -- ERROR -- Failed to download icon protective_gear: HTTP Error 404: Not Found
2026.05.19 21-44-20 -- INFO -- Asset bootstrapped from cloud storage: clothing_small.png
2026.05.19 21-44-20 -- INFO -- Asset bootstrapped from cloud storage: accessory.png
2026.05.19 21-44-20 -- INFO -- In-class password encapsulation executed. Password hashed for user: 'Trainer_Storm'
2026.05.19 21-44-20 -- INFO -- Item initialized. Bound icon path: default.png
2026.05.19 21-44-20 -- INFO -- Item initialized. Bound icon path: default.png
2026.05.19 21-44-20 -- INFO -- Item initialized. Bound icon path: default.png
2026.05.19 21-44-20 -- INFO -- Item initialized. Bound icon path: default.png
2026.05.19 21-44-20 -- INFO -- Item initialized. Bound icon path: default.png
2026.05.19 21-44-20 -- INFO -- Item initialized. Bound icon path: flexibility_equipment.png
2026.05.19 21-44-20 -- INFO -- Item initialized. Bound icon path: accessory.png
2026.05.19 21-44-20 -- INFO -- Item initialized. Bound icon path: free_weight.png
2026.05.19 21-44-20 -- INFO -- Item initialized. Bound icon path: accessory.png
2026.05.19 21-44-20 -- INFO -- Item initialized. Bound icon path: cardio_machine.png
2026.05.19 21-44-20 -- INFO -- Item initialized. Bound icon path: default.png
2026.05.19 21-44-20 -- INFO -- Item initialized. Bound icon path: clothing_small.png
2026.05.19 21-44-20 -- INFO -- Item initialized. Bound icon path: cardio_machine.png
2026.05.19 21-44-20 -- INFO -- Item initialized. Bound icon path: default.png
2026.05.19 21-44-20 -- INFO -- Item initialized. Bound icon path: default.png
2026.05.19 21-44-20 -- INFO -- Atomic disk sync successful for user: 'Trainer_Storm'
2026.05.19 21-44-20 -- INFO -- Item initialized. Bound icon path: default.png
2026.05.19 21-44-20 -- INFO -- Item initialized. Bound icon path: default.png
2026.05.19 21-44-20 -- INFO -- Item initialized. Bound icon path: default.png
2026.05.19 21-44-20 -- INFO -- Item initialized. Bound icon path: default.png
2026.05.19 21-44-20 -- INFO -- Item initialized. Bound icon path: default.png
2026.05.19 21-44-20 -- INFO -- Item initialized. Bound icon path: flexibility_equipment.png
2026.05.19 21-44-20 -- INFO -- Item initialized. Bound icon path: accessory.png
2026.05.19 21-44-20 -- INFO -- Item initialized. Bound icon path: free_weight.png
2026.05.19 21-44-20 -- INFO -- Item initialized. Bound icon path: accessory.png
2026.05.19 21-44-20 -- INFO -- Item initialized. Bound icon path: cardio_machine.png
2026.05.19 21-44-20 -- INFO -- Item initialized. Bound icon path: default.png
2026.05.19 21-44-20 -- INFO -- Item initialized. Bound icon path: clothing_small.png
2026.05.19 21-44-20 -- INFO -- Item initialized. Bound icon path: cardio_machine.png
2026.05.19 21-44-20 -- INFO -- Item initialized. Bound icon path: default.png
2026.05.19 21-44-20 -- INFO -- Item initialized. Bound icon path: default.png
2026.05.19 21-44-20 -- INFO -- User profile loaded successfully from disk database: 'Trainer_Storm'
2026.05.19 21-53-45 -- INFO -- Asset bootstrapped from cloud storage: default.png
2026.05.19 21-53-45 -- ERROR -- Failed to download icon strength_machine: HTTP Error 404: Not Found
2026.05.19 21-53-46 -- INFO -- Asset bootstrapped from cloud storage: bench.png
2026.05.19 21-53-47 -- INFO -- Asset bootstrapped from cloud storage: sports_gear.png
2026.05.19 21-53-47 -- INFO -- Asset bootstrapped from cloud storage: protective_gear.png
2026.05.19 21-53-47 -- INFO -- In-class password encapsulation executed. Password hashed for user: 'Trainer_Storm'
2026.05.19 21-53-47 -- INFO -- Item initialized. Bound icon path: ball.png
2026.05.19 21-53-47 -- INFO -- Item initialized. Bound icon path: free_weight.png
2026.05.19 21-53-47 -- INFO -- Item initialized. Bound icon path: default.png
2026.05.19 21-53-47 -- INFO -- Item initialized. Bound icon path: protective_gear.png
2026.05.19 21-53-47 -- INFO -- Item initialized. Bound icon path: flexibility_equipment.png
2026.05.19 21-53-47 -- INFO -- Item initialized. Bound icon path: sports_gear.png
2026.05.19 21-53-47 -- INFO -- Item initialized. Bound icon path: accessory.png
2026.05.19 21-53-47 -- INFO -- Item initialized. Bound icon path: protective_gear.png
2026.05.19 21-53-47 -- INFO -- Item initialized. Bound icon path: protective_gear.png
2026.05.19 21-53-47 -- INFO -- Item initialized. Bound icon path: clothing_small.png
2026.05.19 21-53-47 -- INFO -- Item initialized. Bound icon path: accessory.png
2026.05.19 21-53-47 -- INFO -- Item initialized. Bound icon path: accessory.png
2026.05.19 21-53-47 -- INFO -- Item initialized. Bound icon path: clothing_small.png
2026.05.19 21-53-47 -- INFO -- Item initialized. Bound icon path: free_weight.png
2026.05.19 21-53-47 -- INFO -- Item initialized. Bound icon path: default.png
2026.05.19 21-53-47 -- INFO -- Atomic disk sync successful for user: 'Trainer_Storm'
2026.05.19 21-53-47 -- INFO -- Item initialized. Bound icon path: ball.png
2026.05.19 21-53-47 -- INFO -- Item initialized. Bound icon path: free_weight.png
2026.05.19 21-53-47 -- INFO -- Item initialized. Bound icon path: default.png
2026.05.19 21-53-47 -- INFO -- Item initialized. Bound icon path: protective_gear.png
2026.05.19 21-53-47 -- INFO -- Item initialized. Bound icon path: flexibility_equipment.png
2026.05.19 21-53-47 -- INFO -- Item initialized. Bound icon path: sports_gear.png
2026.05.19 21-53-47 -- INFO -- Item initialized. Bound icon path: accessory.png
2026.05.19 21-53-47 -- INFO -- Item initialized. Bound icon path: protective_gear.png
2026.05.19 21-53-47 -- INFO -- Item initialized. Bound icon path: protective_gear.png
2026.05.19 21-53-47 -- INFO -- Item initialized. Bound icon path: clothing_small.png
2026.05.19 21-53-47 -- INFO -- Item initialized. Bound icon path: accessory.png
2026.05.19 21-53-47 -- INFO -- Item initialized. Bound icon path: accessory.png
2026.05.19 21-53-47 -- INFO -- Item initialized. Bound icon path: clothing_small.png
2026.05.19 21-53-47 -- INFO -- Item initialized. Bound icon path: free_weight.png
2026.05.19 21-53-47 -- INFO -- Item initialized. Bound icon path: default.png
2026.05.19 21-53-47 -- INFO -- User profile loaded successfully from disk database: 'Trainer_Storm'
2026.05.19 22-00-30 -- ERROR -- Failed to download icon strength_machine: HTTP Error 404: Not Found
2026.05.19 22-00-30 -- INFO -- In-class password encapsulation executed. Password hashed for user: 'Trainer_Storm'
2026.05.19 22-00-30 -- INFO -- Item initialized. Bound icon path: cardio_machine.png
2026.05.19 22-00-30 -- INFO -- Item initialized. Bound icon path: default.png
2026.05.19 22-00-30 -- INFO -- Item initialized. Bound icon path: default.png
2026.05.19 22-00-30 -- INFO -- Item initialized. Bound icon path: sports_gear.png
2026.05.19 22-00-30 -- INFO -- Item initialized. Bound icon path: cardio_machine.png
2026.05.19 22-00-30 -- INFO -- Item initialized. Bound icon path: clothing_small.png
2026.05.19 22-00-30 -- INFO -- Item initialized. Bound icon path: sports_gear.png
2026.05.19 22-00-30 -- INFO -- Item initialized. Bound icon path: ball.png
2026.05.19 22-00-30 -- INFO -- Item initialized. Bound icon path: protective_gear.png
2026.05.19 22-00-30 -- INFO -- Item initialized. Bound icon path: clothing_small.png
2026.05.19 22-00-30 -- INFO -- Item initialized. Bound icon path: sports_gear.png
2026.05.19 22-00-30 -- INFO -- Item initialized. Bound icon path: free_weight.png
2026.05.19 22-00-30 -- INFO -- Item initialized. Bound icon path: accessory.png
2026.05.19 22-00-30 -- INFO -- Item initialized. Bound icon path: bench.png
2026.05.19 22-00-30 -- INFO -- Item initialized. Bound icon path: default.png
2026.05.19 22-00-30 -- INFO -- Atomic disk sync successful for user: 'Trainer_Storm'
2026.05.19 22-00-30 -- INFO -- Item initialized. Bound icon path: cardio_machine.png
2026.05.19 22-00-30 -- INFO -- Item initialized. Bound icon path: default.png
2026.05.19 22-00-30 -- INFO -- Item initialized. Bound icon path: default.png
2026.05.19 22-00-30 -- INFO -- Item initialized. Bound icon path: sports_gear.png
2026.05.19 22-00-30 -- INFO -- Item initialized. Bound icon path: cardio_machine.png
2026.05.19 22-00-30 -- INFO -- Item initialized. Bound icon path: clothing_small.png
2026.05.19 22-00-30 -- INFO -- Item initialized. Bound icon path: sports_gear.png
2026.05.19 22-00-30 -- INFO -- Item initialized. Bound icon path: ball.png
2026.05.19 22-00-30 -- INFO -- Item initialized. Bound icon path: protective_gear.png
2026.05.19 22-00-30 -- INFO -- Item initialized. Bound icon path: clothing_small.png
2026.05.19 22-00-30 -- INFO -- Item initialized. Bound icon path: sports_gear.png
2026.05.19 22-00-30 -- INFO -- Item initialized. Bound icon path: free_weight.png
2026.05.19 22-00-30 -- INFO -- Item initialized. Bound icon path: accessory.png
2026.05.19 22-00-30 -- INFO -- Item initialized. Bound icon path: bench.png
2026.05.19 22-00-30 -- INFO -- Item initialized. Bound icon path: default.png
2026.05.19 22-00-30 -- INFO -- User profile loaded successfully from disk database: 'Trainer_Storm'
