2026.05.22 09-03-52 -- ERROR -- Failed to download icon strength_machine: HTTP Error 404: Not Found
2026.05.22 09-03-52 -- INFO -- In-class password encapsulation executed. Password hashed for user: 'Trainer_Storm'
2026.05.22 09-03-52 -- INFO -- Item initialized. Bound icon path: protective_gear.png
2026.05.22 09-03-52 -- INFO -- Item initialized. Bound icon path: cardio_machine.png
2026.05.22 09-03-52 -- INFO -- Item initialized. Bound icon path: clothing_small.png
2026.05.22 09-03-52 -- INFO -- Item initialized. Bound icon path: free_weight.png
2026.05.22 09-03-52 -- INFO -- Item initialized. Bound icon path: accessory.png
2026.05.22 09-03-52 -- INFO -- Item initialized. Bound icon path: clothing_small.png
2026.05.22 09-03-52 -- INFO -- Item initialized. Bound icon path: ball.png
2026.05.22 09-03-52 -- INFO -- Item initialized. Bound icon path: ball.png
2026.05.22 09-03-52 -- INFO -- Item initialized. Bound icon path: cardio_machine.png
2026.05.22 09-03-52 -- INFO -- Item initialized. Bound icon path: clothing_small.png
2026.05.22 09-03-52 -- INFO -- Item initialized. Bound icon path: cardio_machine.png
2026.05.22 09-03-52 -- INFO -- Item initialized. Bound icon path: default.png
2026.05.22 09-03-52 -- INFO -- Item initialized. Bound icon path: accessory.png
2026.05.22 09-03-52 -- INFO -- Item initialized. Bound icon path: sports_gear.png
2026.05.22 09-03-52 -- INFO -- Item initialized. Bound icon path: bench.png
2026.05.22 09-03-52 -- INFO -- Atomic disk sync successful for user: 'Trainer_Storm'
2026.05.22 09-03-52 -- INFO -- Item initialized. Bound icon path: protective_gear.png
2026.05.22 09-03-52 -- INFO -- Item initialized. Bound icon path: cardio_machine.png
2026.05.22 09-03-52 -- INFO -- Item initialized. Bound icon path: clothing_small.png
2026.05.22 09-03-52 -- INFO -- Item initialized. Bound icon path: free_weight.png
2026.05.22 09-03-52 -- INFO -- Item initialized. Bound icon path: accessory.png
2026.05.22 09-03-52 -- INFO -- Item initialized. Bound icon path: clothing_small.png
2026.05.22 09-03-52 -- INFO -- Item initialized. Bound icon path: ball.png
2026.05.22 09-03-52 -- INFO -- Item initialized. Bound icon path: ball.png
2026.05.22 09-03-52 -- INFO -- Item initialized. Bound icon path: cardio_machine.png
2026.05.22 09-03-52 -- INFO -- Item initialized. Bound icon path: clothing_small.png
2026.05.22 09-03-52 -- INFO -- Item initialized. Bound icon path: cardio_machine.png
2026.05.22 09-03-52 -- INFO -- Item initialized. Bound icon path: default.png
2026.05.22 09-03-52 -- INFO -- Item initialized. Bound icon path: accessory.png
2026.05.22 09-03-52 -- INFO -- Item initialized. Bound icon path: sports_gear.png
2026.05.22 09-03-52 -- INFO -- Item initialized. Bound icon path: bench.png
2026.05.22 09-03-52 -- INFO -- User profile loaded successfully from disk database: 'Trainer_Storm'
2026.05.22 09-52-30 -- ERROR -- Failed to download icon strength_machine: HTTP Error 404: Not Found
2026.05.22 09-58-06 -- ERROR -- Failed to download icon strength_machine: HTTP Error 404: Not Found
2026.05.22 09-58-24 -- INFO -- System boot simulation sequence completed successfully.
2026.05.22 09-58-51 -- INFO -- User profile metadata securely deployed for: 'TheRisingStorm'
2026.05.22 09-58-51 -- INFO -- New user database record generated for: 'TheRisingStorm'
2026.05.22 09-58-51 -- INFO -- User session successfully started for: 'TheRisingStorm'
2026.05.22 09-58-51 -- INFO -- GUI: New user 'TheRisingStorm' registered and logged in.
2026.05.22 09-58-53 -- INFO -- Navigation: Transition to Main Dashboard authorized for user 'TheRisingStorm'.
2026.05.22 10-04-37 -- ERROR -- Failed to download icon strength_machine: HTTP Error 404: Not Found
2026.05.22 10-04-41 -- INFO -- System boot simulation sequence completed successfully.
2026.05.22 10-14-26 -- ERROR -- Failed to download icon strength_machine: HTTP Error 404: Not Found
2026.05.22 10-14-26 -- INFO -- User profile metadata securely deployed for: 'admin'
2026.05.22 10-14-26 -- INFO -- New user database record generated for: 'admin'
2026.05.22 10-14-26 -- INFO -- Item initialized. Bound icon path: free_weight.png
2026.05.22 10-14-26 -- INFO -- New discrete slot added to inventory: 'Гантель гексагональная 10кг'
2026.05.22 10-14-26 -- INFO -- Item initialized. Bound icon path: accessory.png
2026.05.22 10-14-26 -- INFO -- New discrete slot added to inventory: 'Эспандер ленточный'
2026.05.22 10-14-26 -- INFO -- Item initialized. Bound icon path: cardio_machine.png
2026.05.22 10-14-26 -- INFO -- New discrete slot added to inventory: 'Эллипсоид Ergo'
2026.05.22 10-14-26 -- INFO -- Item initialized. Bound icon path: clothing_small.png
2026.05.22 10-14-26 -- INFO -- New discrete slot added to inventory: 'Пояс атлетический'
2026.05.22 10-14-26 -- INFO -- Item initialized. Bound icon path: cardio_machine.png
2026.05.22 10-14-26 -- INFO -- New discrete slot added to inventory: 'Эллипсоид Ergo'
2026.05.22 10-14-26 -- INFO -- Item initialized. Bound icon path: clothing_small.png
2026.05.22 10-14-26 -- INFO -- New discrete slot added to inventory: 'Пояс атлетический'
2026.05.22 10-14-26 -- INFO -- Item initialized. Bound icon path: flexibility_equipment.png
2026.05.22 10-14-26 -- INFO -- New discrete slot added to inventory: 'Коврик для йоги'
2026.05.22 10-14-26 -- INFO -- Item initialized. Bound icon path: accessory.png
2026.05.22 10-14-26 -- INFO -- New discrete slot added to inventory: 'Скакалка скоростная'
2026.05.22 10-14-26 -- INFO -- Item initialized. Bound icon path: bench.png
2026.05.22 10-14-26 -- INFO -- New discrete slot added to inventory: 'Скамья для жима регулируемая'
2026.05.22 10-14-26 -- INFO -- Item initialized. Bound icon path: accessory.png
2026.05.22 10-14-26 -- INFO -- New discrete slot added to inventory: 'Скакалка скоростная'
2026.05.22 10-14-26 -- INFO -- Item initialized. Bound icon path: accessory.png
2026.05.22 10-14-26 -- INFO -- New discrete slot added to inventory: 'Эспандер ленточный'
2026.05.22 10-14-26 -- INFO -- Item initialized. Bound icon path: accessory.png
2026.05.22 10-14-26 -- INFO -- New discrete slot added to inventory: 'Эспандер ленточный'
2026.05.22 10-14-26 -- INFO -- Item initialized. Bound icon path: strength_machine.png
2026.05.22 10-14-26 -- INFO -- New discrete slot added to inventory: 'Гакк-тренажер'
2026.05.22 10-14-26 -- INFO -- Item initialized. Bound icon path: protective_gear.png
2026.05.22 10-14-26 -- INFO -- New discrete slot added to inventory: 'Шлем боксерский'
2026.05.22 10-14-26 -- INFO -- Item initialized. Bound icon path: clothing_small.png
2026.05.22 10-14-26 -- INFO -- New discrete slot added to inventory: 'Пояс атлетический'
2026.05.22 10-14-26 -- INFO -- Item initialized. Bound icon path: bench.png
2026.05.22 10-14-26 -- INFO -- New discrete slot added to inventory: 'Стойка для приседаний'
2026.05.22 10-14-26 -- INFO -- Item initialized. Bound icon path: accessory.png
2026.05.22 10-14-26 -- INFO -- New discrete slot added to inventory: 'Скакалка скоростная'
2026.05.22 10-14-26 -- INFO -- Item initialized. Bound icon path: strength_machine.png
2026.05.22 10-14-26 -- INFO -- New discrete slot added to inventory: 'Тренажер для жима ногами'
2026.05.22 10-14-26 -- INFO -- Item initialized. Bound icon path: flexibility_equipment.png
2026.05.22 10-14-26 -- INFO -- New discrete slot added to inventory: 'Роллер массажный'
2026.05.22 10-14-26 -- INFO -- Item initialized. Bound icon path: flexibility_equipment.png
2026.05.22 10-14-26 -- INFO -- New discrete slot added to inventory: 'Роллер массажный'
2026.05.22 10-14-26 -- INFO -- Item initialized. Bound icon path: cardio_machine.png
2026.05.22 10-14-26 -- INFO -- New discrete slot added to inventory: 'Велотренажер CyclePro'
2026.05.22 10-14-26 -- INFO -- Item initialized. Bound icon path: bench.png
2026.05.22 10-14-26 -- INFO -- New discrete slot added to inventory: 'Стойка для приседаний'
2026.05.22 10-14-26 -- INFO -- Item initialized. Bound icon path: cardio_machine.png
2026.05.22 10-14-26 -- INFO -- New discrete slot added to inventory: 'Велотренажер CyclePro'
2026.05.22 10-14-26 -- INFO -- Item initialized. Bound icon path: ball.png
2026.05.22 10-14-26 -- INFO -- New discrete slot added to inventory: 'Медбол 5кг'
2026.05.22 10-14-26 -- INFO -- Item initialized. Bound icon path: free_weight.png
2026.05.22 10-14-26 -- INFO -- New discrete slot added to inventory: 'Гриф олимпийский 20кг'
2026.05.22 10-14-26 -- ERROR -- Data seeding skipped due to execution fault: 'User' object has no attribute 'save_to_disk'
2026.05.22 10-14-26 -- INFO -- Application GUI boot sequence initiated.
2026.05.22 10-14-32 -- INFO -- System boot simulation sequence completed successfully.
2026.05.22 10-21-46 -- INFO -- Asset bootstrapped from cloud storage: icon.png
2026.05.22 10-21-47 -- ERROR -- Failed to download icon strength_machine: HTTP Error 404: Not Found
2026.05.22 10-21-47 -- INFO -- User profile loaded from database: 'admin'
2026.05.22 10-21-47 -- INFO -- Credentials successfully verified for user: 'admin'
2026.05.22 10-21-47 -- INFO -- Item initialized. Bound icon path: ball.png
2026.05.22 10-21-47 -- INFO -- New discrete slot added to inventory: 'Медбол 5кг'
2026.05.22 10-21-47 -- INFO -- Item initialized. Bound icon path: ball.png
2026.05.22 10-21-47 -- INFO -- New discrete slot added to inventory: 'Мяч баскетбольный'
2026.05.22 10-21-47 -- INFO -- Item initialized. Bound icon path: ball.png
2026.05.22 10-21-47 -- INFO -- New discrete slot added to inventory: 'Медбол 5кг'
2026.05.22 10-21-47 -- INFO -- Item initialized. Bound icon path: accessory.png
2026.05.22 10-21-47 -- INFO -- New discrete slot added to inventory: 'Эспандер ленточный'
2026.05.22 10-21-47 -- INFO -- Item initialized. Bound icon path: strength_machine.png
2026.05.22 10-21-47 -- INFO -- New discrete slot added to inventory: 'Тренажер для жима ногами'
2026.05.22 10-21-47 -- INFO -- Item initialized. Bound icon path: strength_machine.png
2026.05.22 10-21-47 -- INFO -- New discrete slot added to inventory: 'Тренажер для жима ногами'
2026.05.22 10-21-47 -- INFO -- Item initialized. Bound icon path: cardio_machine.png
2026.05.22 10-21-47 -- INFO -- New discrete slot added to inventory: 'Велотренажер CyclePro'
2026.05.22 10-21-47 -- INFO -- Item initialized. Bound icon path: protective_gear.png
2026.05.22 10-21-47 -- INFO -- New discrete slot added to inventory: 'Шлем боксерский'
2026.05.22 10-21-47 -- INFO -- Item initialized. Bound icon path: bench.png
2026.05.22 10-21-47 -- INFO -- New discrete slot added to inventory: 'Скамья для жима регулируемая'
2026.05.22 10-21-47 -- INFO -- Item initialized. Bound icon path: bench.png
2026.05.22 10-21-47 -- INFO -- New discrete slot added to inventory: 'Скамья для жима регулируемая'
2026.05.22 10-21-47 -- INFO -- Item initialized. Bound icon path: flexibility_equipment.png
2026.05.22 10-21-47 -- INFO -- New discrete slot added to inventory: 'Роллер массажный'
2026.05.22 10-21-47 -- INFO -- Item initialized. Bound icon path: clothing_small.png
2026.05.22 10-21-47 -- INFO -- New discrete slot added to inventory: 'Пояс атлетический'
2026.05.22 10-21-47 -- INFO -- Item initialized. Bound icon path: protective_gear.png
2026.05.22 10-21-47 -- INFO -- New discrete slot added to inventory: 'Шлем боксерский'
2026.05.22 10-21-47 -- INFO -- Item initialized. Bound icon path: free_weight.png
2026.05.22 10-21-47 -- INFO -- New discrete slot added to inventory: 'Блин для штанги 20кг'
2026.05.22 10-21-47 -- INFO -- Item initialized. Bound icon path: free_weight.png
2026.05.22 10-21-47 -- INFO -- New discrete slot added to inventory: 'Блин для штанги 20кг'
2026.05.22 10-21-47 -- INFO -- Item initialized. Bound icon path: flexibility_equipment.png
2026.05.22 10-21-47 -- INFO -- New discrete slot added to inventory: 'Роллер массажный'
2026.05.22 10-21-47 -- INFO -- Item initialized. Bound icon path: sports_gear.png
2026.05.22 10-21-47 -- INFO -- New discrete slot added to inventory: 'Набор для пинг-понга'
2026.05.22 10-21-47 -- INFO -- Item initialized. Bound icon path: free_weight.png
2026.05.22 10-21-47 -- INFO -- New discrete slot added to inventory: 'Гриф олимпийский 20кг'
2026.05.22 10-21-47 -- INFO -- Item initialized. Bound icon path: accessory.png
2026.05.22 10-21-47 -- INFO -- New discrete slot added to inventory: 'Скакалка скоростная'
2026.05.22 10-21-47 -- INFO -- Item initialized. Bound icon path: accessory.png
2026.05.22 10-21-47 -- INFO -- Merged stack for item: 'Скакалка скоростная' (New quantity: 3)
2026.05.22 10-21-47 -- INFO -- Item initialized. Bound icon path: cardio_machine.png
2026.05.22 10-21-47 -- INFO -- New discrete slot added to inventory: 'Велотренажер CyclePro'
2026.05.22 10-21-47 -- INFO -- Item initialized. Bound icon path: ball.png
2026.05.22 10-21-47 -- INFO -- New discrete slot added to inventory: 'Мяч баскетбольный'
2026.05.22 10-21-47 -- INFO -- Item initialized. Bound icon path: clothing_small.png
2026.05.22 10-21-47 -- INFO -- New discrete slot added to inventory: 'Пояс атлетический'
2026.05.22 10-21-47 -- INFO -- Item initialized. Bound icon path: strength_machine.png
2026.05.22 10-21-47 -- INFO -- New discrete slot added to inventory: 'Кроссовер блочный'
2026.05.22 10-21-47 -- INFO -- Item initialized. Bound icon path: flexibility_equipment.png
2026.05.22 10-21-47 -- INFO -- New discrete slot added to inventory: 'Роллер массажный'
2026.05.22 10-21-47 -- INFO -- User profile metadata securely deployed for: 'admin'
2026.05.22 10-21-47 -- INFO -- Application GUI boot sequence initiated.
2026.05.22 10-21-49 -- INFO -- System boot simulation sequence completed successfully.
2026.05.22 10-21-59 -- INFO -- Item initialized. Bound icon path: ball.png
2026.05.22 10-21-59 -- INFO -- Item initialized. Bound icon path: ball.png
2026.05.22 10-21-59 -- INFO -- Item initialized. Bound icon path: ball.png
2026.05.22 10-21-59 -- INFO -- Item initialized. Bound icon path: accessory.png
2026.05.22 10-21-59 -- INFO -- Item initialized. Bound icon path: strength_machine.png
2026.05.22 10-21-59 -- INFO -- Item initialized. Bound icon path: strength_machine.png
2026.05.22 10-21-59 -- INFO -- Item initialized. Bound icon path: cardio_machine.png
2026.05.22 10-21-59 -- INFO -- Item initialized. Bound icon path: protective_gear.png
2026.05.22 10-21-59 -- INFO -- Item initialized. Bound icon path: bench.png
2026.05.22 10-21-59 -- INFO -- Item initialized. Bound icon path: bench.png
2026.05.22 10-21-59 -- INFO -- Item initialized. Bound icon path: flexibility_equipment.png
2026.05.22 10-21-59 -- INFO -- Item initialized. Bound icon path: clothing_small.png
2026.05.22 10-21-59 -- INFO -- Item initialized. Bound icon path: protective_gear.png
2026.05.22 10-21-59 -- INFO -- Item initialized. Bound icon path: free_weight.png
2026.05.22 10-21-59 -- INFO -- Item initialized. Bound icon path: free_weight.png
2026.05.22 10-21-59 -- INFO -- Item initialized. Bound icon path: flexibility_equipment.png
2026.05.22 10-21-59 -- INFO -- Item initialized. Bound icon path: sports_gear.png
2026.05.22 10-21-59 -- INFO -- Item initialized. Bound icon path: free_weight.png
2026.05.22 10-21-59 -- INFO -- Item initialized. Bound icon path: accessory.png
2026.05.22 10-21-59 -- INFO -- Item initialized. Bound icon path: cardio_machine.png
2026.05.22 10-21-59 -- INFO -- Item initialized. Bound icon path: ball.png
2026.05.22 10-21-59 -- INFO -- Item initialized. Bound icon path: clothing_small.png
2026.05.22 10-21-59 -- INFO -- Item initialized. Bound icon path: strength_machine.png
2026.05.22 10-21-59 -- INFO -- Item initialized. Bound icon path: flexibility_equipment.png
2026.05.22 10-21-59 -- INFO -- User profile loaded from database: 'admin'
2026.05.22 10-23-14 -- INFO -- Item initialized. Bound icon path: ball.png
2026.05.22 10-23-14 -- INFO -- Item initialized. Bound icon path: ball.png
2026.05.22 10-23-14 -- INFO -- Item initialized. Bound icon path: ball.png
2026.05.22 10-23-14 -- INFO -- Item initialized. Bound icon path: accessory.png
2026.05.22 10-23-14 -- INFO -- Item initialized. Bound icon path: strength_machine.png
2026.05.22 10-23-14 -- INFO -- Item initialized. Bound icon path: strength_machine.png
2026.05.22 10-23-14 -- INFO -- Item initialized. Bound icon path: cardio_machine.png
2026.05.22 10-23-14 -- INFO -- Item initialized. Bound icon path: protective_gear.png
2026.05.22 10-23-14 -- INFO -- Item initialized. Bound icon path: bench.png
2026.05.22 10-23-14 -- INFO -- Item initialized. Bound icon path: bench.png
2026.05.22 10-23-14 -- INFO -- Item initialized. Bound icon path: flexibility_equipment.png
2026.05.22 10-23-14 -- INFO -- Item initialized. Bound icon path: clothing_small.png
2026.05.22 10-23-14 -- INFO -- Item initialized. Bound icon path: protective_gear.png
2026.05.22 10-23-14 -- INFO -- Item initialized. Bound icon path: free_weight.png
2026.05.22 10-23-14 -- INFO -- Item initialized. Bound icon path: free_weight.png
2026.05.22 10-23-14 -- INFO -- Item initialized. Bound icon path: flexibility_equipment.png
2026.05.22 10-23-14 -- INFO -- Item initialized. Bound icon path: sports_gear.png
2026.05.22 10-23-14 -- INFO -- Item initialized. Bound icon path: free_weight.png
2026.05.22 10-23-14 -- INFO -- Item initialized. Bound icon path: accessory.png
2026.05.22 10-23-14 -- INFO -- Item initialized. Bound icon path: cardio_machine.png
2026.05.22 10-23-14 -- INFO -- Item initialized. Bound icon path: ball.png
2026.05.22 10-23-14 -- INFO -- Item initialized. Bound icon path: clothing_small.png
2026.05.22 10-23-14 -- INFO -- Item initialized. Bound icon path: strength_machine.png
2026.05.22 10-23-14 -- INFO -- Item initialized. Bound icon path: flexibility_equipment.png
2026.05.22 10-23-14 -- INFO -- User profile loaded from database: 'admin'
2026.05.22 10-23-14 -- INFO -- Credentials successfully verified for user: 'admin'
2026.05.22 10-23-14 -- INFO -- User session successfully started for: 'admin'
2026.05.22 10-23-14 -- INFO -- Navigation: Seamless transition to DashboardScreen executed.
2026.05.22 10-29-16 -- INFO -- Dashboard: Add new item dialog trigger triggered.
2026.05.22 10-29-20 -- INFO -- Dashboard: Add new item dialog trigger triggered.
2026.05.22 10-29-21 -- INFO -- Dashboard: Edit item initiated for sequence ID 50c41052-9071-4d2d-a0fc-bdbc7f91c87c
