2026.05.24 12-44-48 -- ERROR -- Asset fetch aborted for strength_machine: HTTP Error 404: Not Found
2026.05.24 12-51-28 -- INFO -- Asset fetched via network: strength_machine.png
2026.05.24 13-23-20 -- INFO -- User profile metadata securely deployed for: 'TheRisingStorm'
2026.05.24 13-23-20 -- INFO -- New user database record generated for: 'TheRisingStorm'
2026.05.24 13-23-20 -- INFO -- User session successfully started for: 'TheRisingStorm'
2026.05.24 13-25-31 -- INFO -- Item initialized. Bound icon path: bench.png
2026.05.24 13-25-31 -- INFO -- Random item generated: Стойка для приседаний (bench)
2026.05.24 13-25-31 -- INFO -- New discrete slot added to inventory: 'Стойка для приседаний'
2026.05.24 13-25-31 -- INFO -- User profile metadata securely deployed for: 'TheRisingStorm'
2026.05.24 13-25-46 -- INFO -- Item initialized. Bound icon path: flexibility_equipment.png
2026.05.24 13-25-46 -- INFO -- Random item generated: Роллер массажный (flexibility_equipment)
2026.05.24 13-25-46 -- INFO -- New discrete slot added to inventory: 'Роллер массажный'
2026.05.24 13-25-46 -- INFO -- User profile metadata securely deployed for: 'TheRisingStorm'
2026.05.24 13-25-47 -- INFO -- Item initialized. Bound icon path: protective_gear.png
2026.05.24 13-25-47 -- INFO -- Random item generated: Щитки футбольные (protective_gear)
2026.05.24 13-25-47 -- INFO -- New discrete slot added to inventory: 'Щитки футбольные'
2026.05.24 13-25-47 -- INFO -- User profile metadata securely deployed for: 'TheRisingStorm'
2026.05.24 13-25-47 -- INFO -- Item initialized. Bound icon path: flexibility_equipment.png
2026.05.24 13-25-47 -- INFO -- Random item generated: Коврик для йоги (flexibility_equipment)
2026.05.24 13-25-47 -- INFO -- New discrete slot added to inventory: 'Коврик для йоги'
2026.05.24 13-25-47 -- INFO -- User profile metadata securely deployed for: 'TheRisingStorm'
2026.05.24 13-25-47 -- INFO -- Item initialized. Bound icon path: ball.png
2026.05.24 13-25-47 -- INFO -- Random item generated: Мяч футбольный (ball)
2026.05.24 13-25-47 -- INFO -- New discrete slot added to inventory: 'Мяч футбольный'
2026.05.24 13-25-47 -- INFO -- User profile metadata securely deployed for: 'TheRisingStorm'
2026.05.24 13-25-48 -- INFO -- Item initialized. Bound icon path: sports_gear.png
2026.05.24 13-25-48 -- INFO -- Random item generated: Ракетка для тенниса (sports_gear)
2026.05.24 13-25-48 -- INFO -- New discrete slot added to inventory: 'Ракетка для тенниса'
2026.05.24 13-25-48 -- INFO -- User profile metadata securely deployed for: 'TheRisingStorm'
2026.05.24 13-25-48 -- INFO -- Item initialized. Bound icon path: ball.png
2026.05.24 13-25-48 -- INFO -- Random item generated: Мяч баскетбольный (ball)
2026.05.24 13-25-48 -- INFO -- New discrete slot added to inventory: 'Мяч баскетбольный'
2026.05.24 13-25-48 -- INFO -- User profile metadata securely deployed for: 'TheRisingStorm'
2026.05.24 13-25-48 -- INFO -- Item initialized. Bound icon path: sports_gear.png
2026.05.24 13-25-48 -- INFO -- Random item generated: Ракетка для тенниса (sports_gear)
2026.05.24 13-25-48 -- INFO -- New discrete slot added to inventory: 'Ракетка для тенниса'
2026.05.24 13-25-48 -- INFO -- User profile metadata securely deployed for: 'TheRisingStorm'
2026.05.24 13-25-48 -- INFO -- Item initialized. Bound icon path: cardio_machine.png
2026.05.24 13-25-48 -- INFO -- Random item generated: Беговая дорожка X-Fit (cardio_machine)
2026.05.24 13-25-48 -- INFO -- New discrete slot added to inventory: 'Беговая дорожка X-Fit'
2026.05.24 13-25-48 -- INFO -- User profile metadata securely deployed for: 'TheRisingStorm'
2026.05.24 13-25-49 -- INFO -- Item initialized. Bound icon path: sports_gear.png
2026.05.24 13-25-49 -- INFO -- Random item generated: Набор для пинг-понга (sports_gear)
2026.05.24 13-25-49 -- INFO -- New discrete slot added to inventory: 'Набор для пинг-понга'
2026.05.24 13-25-49 -- INFO -- User profile metadata securely deployed for: 'TheRisingStorm'
2026.05.24 13-25-49 -- INFO -- Item initialized. Bound icon path: ball.png
2026.05.24 13-25-49 -- INFO -- Random item generated: Медбол 5кг (ball)
2026.05.24 13-25-49 -- INFO -- New discrete slot added to inventory: 'Медбол 5кг'
2026.05.24 13-25-49 -- INFO -- User profile metadata securely deployed for: 'TheRisingStorm'
2026.05.24 13-25-49 -- INFO -- Item initialized. Bound icon path: cardio_machine.png
2026.05.24 13-25-49 -- INFO -- Random item generated: Велотренажер CyclePro (cardio_machine)
2026.05.24 13-25-49 -- INFO -- New discrete slot added to inventory: 'Велотренажер CyclePro'
2026.05.24 13-25-49 -- INFO -- User profile metadata securely deployed for: 'TheRisingStorm'
2026.05.24 13-25-50 -- INFO -- Item initialized. Bound icon path: flexibility_equipment.png
2026.05.24 13-25-50 -- INFO -- Random item generated: Роллер массажный (flexibility_equipment)
2026.05.24 13-25-50 -- INFO -- New discrete slot added to inventory: 'Роллер массажный'
2026.05.24 13-25-50 -- INFO -- User profile metadata securely deployed for: 'TheRisingStorm'
2026.05.24 13-25-50 -- INFO -- Item initialized. Bound icon path: bench.png
2026.05.24 13-25-50 -- INFO -- Random item generated: Скамья для жима регулируемая (bench)
2026.05.24 13-25-50 -- INFO -- New discrete slot added to inventory: 'Скамья для жима регулируемая'
2026.05.24 13-25-50 -- INFO -- User profile metadata securely deployed for: 'TheRisingStorm'
2026.05.24 13-25-51 -- INFO -- Item initialized. Bound icon path: free_weight.png
2026.05.24 13-25-51 -- INFO -- Random item generated: Гриф олимпийский 20кг (free_weight)
2026.05.24 13-25-51 -- INFO -- New discrete slot added to inventory: 'Гриф олимпийский 20кг'
2026.05.24 13-25-51 -- INFO -- User profile metadata securely deployed for: 'TheRisingStorm'
2026.05.24 13-25-51 -- INFO -- Item initialized. Bound icon path: clothing_small.png
2026.05.24 13-25-51 -- INFO -- Random item generated: Жилет-утяжелитель 10кг (clothing_small)
2026.05.24 13-25-51 -- INFO -- New discrete slot added to inventory: 'Жилет-утяжелитель 10кг'
2026.05.24 13-25-51 -- INFO -- User profile metadata securely deployed for: 'TheRisingStorm'
2026.05.24 13-25-52 -- INFO -- Item initialized. Bound icon path: protective_gear.png
2026.05.24 13-25-52 -- INFO -- Random item generated: Шлем боксерский (protective_gear)
2026.05.24 13-25-52 -- INFO -- New discrete slot added to inventory: 'Шлем боксерский'
2026.05.24 13-25-52 -- INFO -- User profile metadata securely deployed for: 'TheRisingStorm'
2026.05.24 13-44-11 -- INFO -- User session closed for: 'TheRisingStorm'
2026.05.24 13-45-04 -- INFO -- Item initialized. Bound icon path: bench.png
2026.05.24 13-45-04 -- INFO -- Item initialized. Bound icon path: flexibility_equipment.png
2026.05.24 13-45-04 -- INFO -- Item initialized. Bound icon path: protective_gear.png
2026.05.24 13-45-04 -- INFO -- Item initialized. Bound icon path: flexibility_equipment.png
2026.05.24 13-45-04 -- INFO -- Item initialized. Bound icon path: ball.png
2026.05.24 13-45-04 -- INFO -- Item initialized. Bound icon path: sports_gear.png
2026.05.24 13-45-04 -- INFO -- Item initialized. Bound icon path: ball.png
2026.05.24 13-45-04 -- INFO -- Item initialized. Bound icon path: sports_gear.png
2026.05.24 13-45-04 -- INFO -- Item initialized. Bound icon path: cardio_machine.png
2026.05.24 13-45-04 -- INFO -- Item initialized. Bound icon path: sports_gear.png
2026.05.24 13-45-04 -- INFO -- Item initialized. Bound icon path: ball.png
2026.05.24 13-45-04 -- INFO -- Item initialized. Bound icon path: cardio_machine.png
2026.05.24 13-45-04 -- INFO -- Item initialized. Bound icon path: flexibility_equipment.png
2026.05.24 13-45-04 -- INFO -- Item initialized. Bound icon path: bench.png
2026.05.24 13-45-04 -- INFO -- Item initialized. Bound icon path: free_weight.png
2026.05.24 13-45-04 -- INFO -- Item initialized. Bound icon path: clothing_small.png
2026.05.24 13-45-04 -- INFO -- Item initialized. Bound icon path: protective_gear.png
2026.05.24 13-45-04 -- INFO -- User profile loaded from database: 'TheRisingStorm'
2026.05.24 13-45-04 -- INFO -- Credentials successfully verified for user: 'TheRisingStorm'
2026.05.24 13-45-04 -- INFO -- User session successfully started for: 'TheRisingStorm'
2026.05.24 13-48-34 -- INFO -- User session closed for: 'TheRisingStorm'
2026.05.24 13-48-54 -- INFO -- Item initialized. Bound icon path: bench.png
2026.05.24 13-48-54 -- INFO -- Item initialized. Bound icon path: flexibility_equipment.png
2026.05.24 13-48-54 -- INFO -- Item initialized. Bound icon path: protective_gear.png
2026.05.24 13-48-54 -- INFO -- Item initialized. Bound icon path: flexibility_equipment.png
2026.05.24 13-48-54 -- INFO -- Item initialized. Bound icon path: ball.png
2026.05.24 13-48-54 -- INFO -- Item initialized. Bound icon path: sports_gear.png
2026.05.24 13-48-54 -- INFO -- Item initialized. Bound icon path: ball.png
2026.05.24 13-48-54 -- INFO -- Item initialized. Bound icon path: sports_gear.png
2026.05.24 13-48-54 -- INFO -- Item initialized. Bound icon path: cardio_machine.png
2026.05.24 13-48-54 -- INFO -- Item initialized. Bound icon path: sports_gear.png
2026.05.24 13-48-54 -- INFO -- Item initialized. Bound icon path: ball.png
2026.05.24 13-48-54 -- INFO -- Item initialized. Bound icon path: cardio_machine.png
2026.05.24 13-48-54 -- INFO -- Item initialized. Bound icon path: flexibility_equipment.png
2026.05.24 13-48-54 -- INFO -- Item initialized. Bound icon path: bench.png
2026.05.24 13-48-54 -- INFO -- Item initialized. Bound icon path: free_weight.png
2026.05.24 13-48-54 -- INFO -- Item initialized. Bound icon path: clothing_small.png
2026.05.24 13-48-54 -- INFO -- Item initialized. Bound icon path: protective_gear.png
2026.05.24 13-48-54 -- INFO -- User profile loaded from database: 'TheRisingStorm'
2026.05.24 13-48-54 -- INFO -- Credentials successfully verified for user: 'TheRisingStorm'
2026.05.24 13-48-54 -- INFO -- User session successfully started for: 'TheRisingStorm'
2026.05.24 13-49-19 -- INFO -- Item initialized. Bound icon path: clothing_small.png
2026.05.24 13-49-19 -- INFO -- Random item generated: Жилет-утяжелитель 10кг (clothing_small)
2026.05.24 13-49-19 -- INFO -- New discrete slot added to inventory: 'Жилет-утяжелитель 10кг'
2026.05.24 13-49-19 -- INFO -- User profile metadata securely deployed for: 'TheRisingStorm'
2026.05.24 13-50-02 -- INFO -- User profile metadata securely deployed for: '123'
2026.05.24 13-50-02 -- INFO -- New user database record generated for: '123'
2026.05.24 13-50-02 -- INFO -- User session closed for: 'TheRisingStorm'
2026.05.24 13-50-02 -- INFO -- User session successfully started for: '123'
2026.05.24 13-50-06 -- INFO -- Item initialized. Bound icon path: bench.png
2026.05.24 13-50-06 -- INFO -- Item initialized. Bound icon path: flexibility_equipment.png
2026.05.24 13-50-06 -- INFO -- Item initialized. Bound icon path: protective_gear.png
2026.05.24 13-50-06 -- INFO -- Item initialized. Bound icon path: flexibility_equipment.png
2026.05.24 13-50-06 -- INFO -- Item initialized. Bound icon path: ball.png
2026.05.24 13-50-06 -- INFO -- Item initialized. Bound icon path: sports_gear.png
2026.05.24 13-50-06 -- INFO -- Item initialized. Bound icon path: ball.png
2026.05.24 13-50-06 -- INFO -- Item initialized. Bound icon path: sports_gear.png
2026.05.24 13-50-06 -- INFO -- Item initialized. Bound icon path: cardio_machine.png
2026.05.24 13-50-06 -- INFO -- Item initialized. Bound icon path: sports_gear.png
2026.05.24 13-50-06 -- INFO -- Item initialized. Bound icon path: ball.png
2026.05.24 13-50-06 -- INFO -- Item initialized. Bound icon path: cardio_machine.png
2026.05.24 13-50-06 -- INFO -- Item initialized. Bound icon path: flexibility_equipment.png
2026.05.24 13-50-06 -- INFO -- Item initialized. Bound icon path: bench.png
2026.05.24 13-50-06 -- INFO -- Item initialized. Bound icon path: free_weight.png
2026.05.24 13-50-06 -- INFO -- Item initialized. Bound icon path: clothing_small.png
2026.05.24 13-50-06 -- INFO -- Item initialized. Bound icon path: protective_gear.png
2026.05.24 13-50-06 -- INFO -- Item initialized. Bound icon path: clothing_small.png
2026.05.24 13-50-06 -- INFO -- User profile loaded from database: 'TheRisingStorm'
2026.05.24 13-50-06 -- INFO -- Credentials successfully verified for user: 'TheRisingStorm'
2026.05.24 13-50-06 -- INFO -- User session closed for: '123'
2026.05.24 13-50-06 -- INFO -- User session successfully started for: 'TheRisingStorm'
2026.05.24 14-27-45 -- INFO -- User session closed for: 'TheRisingStorm'
