2026.05.30 12-18-18 -- INFO -- User profile loaded from database: '123'
2026.05.30 12-18-18 -- INFO -- Credentials successfully verified for user: '123'
2026.05.30 12-18-18 -- INFO -- User session successfully started for: '123'
2026.05.30 12-18-21 -- INFO -- Item initialized. Bound icon path: cardio_machine.png
2026.05.30 12-18-21 -- INFO -- Random item generated: Беговая дорожка X-Fit (cardio_machine)
2026.05.30 12-18-21 -- INFO -- New discrete slot added to inventory: 'Беговая дорожка X-Fit'
2026.05.30 12-18-21 -- INFO -- User profile metadata securely deployed for: '123'
2026.05.30 12-18-21 -- INFO -- Item initialized. Bound icon path: clothing_small.png
2026.05.30 12-18-21 -- INFO -- Random item generated: Пояс атлетический (clothing_small)
2026.05.30 12-18-21 -- INFO -- New discrete slot added to inventory: 'Пояс атлетический'
2026.05.30 12-18-21 -- INFO -- User profile metadata securely deployed for: '123'
2026.05.30 12-18-29 -- ERROR -- Image scaling deployment failed: 'str' object has no attribute 'value'
2026.05.30 12-18-36 -- INFO -- Item dc5a026b-a178-414f-a4a1-bff00d8b66bf successfully edited and saved on disk.
2026.05.30 12-18-36 -- ERROR -- Error notifying inventory listener: 'str' object has no attribute 'value'
2026.05.30 12-28-15 -- INFO -- Item initialized. Bound icon path: free_weight.png
2026.05.30 12-28-15 -- INFO -- Random item generated: Гриф олимпийский 20кг (free_weight)
2026.05.30 12-28-15 -- INFO -- New discrete slot added to inventory: 'Гриф олимпийский 20кг'
2026.05.30 12-28-15 -- ERROR -- Error notifying inventory listener: 'str' object has no attribute 'value'
2026.05.30 12-28-15 -- INFO -- Item initialized. Bound icon path: ball.png
2026.05.30 12-28-15 -- INFO -- Random item generated: Мяч баскетбольный (ball)
2026.05.30 12-28-15 -- INFO -- New discrete slot added to inventory: 'Мяч баскетбольный'
2026.05.30 12-28-15 -- ERROR -- Error notifying inventory listener: 'str' object has no attribute 'value'
2026.05.30 12-28-16 -- INFO -- Item initialized. Bound icon path: accessory.png
2026.05.30 12-28-16 -- INFO -- Random item generated: Скакалка скоростная (accessory)
2026.05.30 12-28-16 -- INFO -- New discrete slot added to inventory: 'Скакалка скоростная'
2026.05.30 12-28-16 -- ERROR -- Error notifying inventory listener: 'str' object has no attribute 'value'
2026.05.30 12-28-16 -- INFO -- Item initialized. Bound icon path: accessory.png
2026.05.30 12-28-16 -- INFO -- Random item generated: Эспандер ленточный (accessory)
2026.05.30 12-28-16 -- INFO -- New discrete slot added to inventory: 'Эспандер ленточный'
2026.05.30 12-28-16 -- ERROR -- Error notifying inventory listener: 'str' object has no attribute 'value'
2026.05.30 12-28-16 -- INFO -- Item initialized. Bound icon path: accessory.png
2026.05.30 12-28-16 -- INFO -- Random item generated: Эспандер ленточный (accessory)
2026.05.30 12-28-16 -- INFO -- New discrete slot added to inventory: 'Эспандер ленточный'
2026.05.30 12-28-16 -- ERROR -- Error notifying inventory listener: 'str' object has no attribute 'value'
2026.05.30 12-28-16 -- INFO -- Item initialized. Bound icon path: cardio_machine.png
2026.05.30 12-28-16 -- INFO -- Random item generated: Эллипсоид Ergo (cardio_machine)
2026.05.30 12-28-16 -- INFO -- New discrete slot added to inventory: 'Эллипсоид Ergo'
2026.05.30 12-28-16 -- ERROR -- Error notifying inventory listener: 'str' object has no attribute 'value'
2026.05.30 12-28-16 -- INFO -- Item initialized. Bound icon path: bench.png
2026.05.30 12-28-16 -- INFO -- Random item generated: Стойка для приседаний (bench)
2026.05.30 12-28-16 -- INFO -- New discrete slot added to inventory: 'Стойка для приседаний'
2026.05.30 12-28-16 -- ERROR -- Error notifying inventory listener: 'str' object has no attribute 'value'
2026.05.30 12-28-16 -- INFO -- Item initialized. Bound icon path: cardio_machine.png
2026.05.30 12-28-16 -- INFO -- Random item generated: Эллипсоид Ergo (cardio_machine)
2026.05.30 12-28-16 -- INFO -- New discrete slot added to inventory: 'Эллипсоид Ergo'
2026.05.30 12-28-16 -- ERROR -- Error notifying inventory listener: 'str' object has no attribute 'value'
2026.05.30 12-28-17 -- INFO -- Item initialized. Bound icon path: flexibility_equipment.png
2026.05.30 12-28-17 -- INFO -- Random item generated: Коврик для йоги (flexibility_equipment)
2026.05.30 12-28-17 -- INFO -- New discrete slot added to inventory: 'Коврик для йоги'
2026.05.30 12-28-17 -- ERROR -- Error notifying inventory listener: 'str' object has no attribute 'value'
2026.05.30 12-28-17 -- INFO -- Item initialized. Bound icon path: accessory.png
2026.05.30 12-28-17 -- INFO -- Random item generated: Эспандер ленточный (accessory)
2026.05.30 12-28-17 -- INFO -- New discrete slot added to inventory: 'Эспандер ленточный'
2026.05.30 12-28-17 -- ERROR -- Error notifying inventory listener: 'str' object has no attribute 'value'
2026.05.30 12-28-17 -- INFO -- Item initialized. Bound icon path: ball.png
2026.05.30 12-28-17 -- INFO -- Random item generated: Медбол 5кг (ball)
2026.05.30 12-28-17 -- INFO -- New discrete slot added to inventory: 'Медбол 5кг'
2026.05.30 12-28-17 -- ERROR -- Error notifying inventory listener: 'str' object has no attribute 'value'
2026.05.30 12-28-17 -- INFO -- Item initialized. Bound icon path: protective_gear.png
2026.05.30 12-28-17 -- INFO -- Random item generated: Щитки футбольные (protective_gear)
2026.05.30 12-28-17 -- INFO -- New discrete slot added to inventory: 'Щитки футбольные'
2026.05.30 12-28-17 -- ERROR -- Error notifying inventory listener: 'str' object has no attribute 'value'
2026.05.30 12-28-17 -- INFO -- Item initialized. Bound icon path: flexibility_equipment.png
2026.05.30 12-28-17 -- INFO -- Random item generated: Роллер массажный (flexibility_equipment)
2026.05.30 12-28-17 -- INFO -- New discrete slot added to inventory: 'Роллер массажный'
2026.05.30 12-28-17 -- ERROR -- Error notifying inventory listener: 'str' object has no attribute 'value'
2026.05.30 12-28-17 -- INFO -- Item initialized. Bound icon path: cardio_machine.png
2026.05.30 12-28-17 -- INFO -- Random item generated: Эллипсоид Ergo (cardio_machine)
2026.05.30 12-28-17 -- INFO -- New discrete slot added to inventory: 'Эллипсоид Ergo'
2026.05.30 12-28-17 -- ERROR -- Error notifying inventory listener: 'str' object has no attribute 'value'
2026.05.30 12-28-44 -- INFO -- Item dc5a026b-a178-414f-a4a1-bff00d8b66bf successfully edited and saved on disk.
2026.05.30 12-28-44 -- ERROR -- Error notifying inventory listener: 'str' object has no attribute 'value'
2026.05.30 12-28-49 -- INFO -- Item 43ead654-0529-452e-bbcb-e86268e648ac successfully edited and saved on disk.
2026.05.30 12-28-49 -- ERROR -- Error notifying inventory listener: 'str' object has no attribute 'value'
2026.05.30 12-32-24 -- INFO -- User profile metadata securely deployed for: '1234'
2026.05.30 12-32-24 -- INFO -- New user database record generated for: '1234'
2026.05.30 12-32-24 -- INFO -- User session closed for: '123'
2026.05.30 12-32-24 -- INFO -- User session successfully started for: '1234'
2026.05.30 12-32-33 -- INFO -- Item initialized. Bound icon path: bench.png
2026.05.30 12-32-33 -- INFO -- Item initialized. Bound icon path: flexibility_equipment.png
2026.05.30 12-32-33 -- INFO -- Item initialized. Bound icon path: protective_gear.png
2026.05.30 12-32-33 -- INFO -- Item initialized. Bound icon path: flexibility_equipment.png
2026.05.30 12-32-33 -- INFO -- Item initialized. Bound icon path: ball.png
2026.05.30 12-32-33 -- INFO -- Item initialized. Bound icon path: sports_gear.png
2026.05.30 12-32-33 -- INFO -- Item initialized. Bound icon path: ball.png
2026.05.30 12-32-33 -- INFO -- Item initialized. Bound icon path: sports_gear.png
2026.05.30 12-32-33 -- INFO -- Item initialized. Bound icon path: cardio_machine.png
2026.05.30 12-32-33 -- INFO -- Item initialized. Bound icon path: sports_gear.png
2026.05.30 12-32-33 -- INFO -- Item initialized. Bound icon path: ball.png
2026.05.30 12-32-33 -- INFO -- Item initialized. Bound icon path: cardio_machine.png
2026.05.30 12-32-33 -- INFO -- Item initialized. Bound icon path: flexibility_equipment.png
2026.05.30 12-32-33 -- INFO -- Item initialized. Bound icon path: bench.png
2026.05.30 12-32-33 -- INFO -- Item initialized. Bound icon path: free_weight.png
2026.05.30 12-32-33 -- INFO -- Item initialized. Bound icon path: clothing_small.png
2026.05.30 12-32-33 -- INFO -- Item initialized. Bound icon path: protective_gear.png
2026.05.30 12-32-33 -- INFO -- Item initialized. Bound icon path: clothing_small.png
2026.05.30 12-32-33 -- INFO -- User profile loaded from database: 'TheRisingStorm'
2026.05.30 12-32-33 -- INFO -- Credentials successfully verified for user: 'TheRisingStorm'
2026.05.30 12-32-33 -- INFO -- User session closed for: '1234'
2026.05.30 12-32-33 -- INFO -- User session successfully started for: 'TheRisingStorm'
2026.05.30 12-46-44 -- INFO -- User session closed for: 'TheRisingStorm'
2026.05.30 13-11-56 -- INFO -- Item initialized. Bound icon path: cardio_machine.png
2026.05.30 13-11-56 -- INFO -- Item initialized. Bound icon path: clothing_small.png
2026.05.30 13-11-56 -- INFO -- User profile loaded from database: '123'
2026.05.30 13-11-56 -- INFO -- Credentials successfully verified for user: '123'
2026.05.30 13-11-56 -- INFO -- User session successfully started for: '123'
2026.05.30 13-12-15 -- INFO -- Item initialized. Bound icon path: cardio_machine.png
2026.05.30 13-12-15 -- INFO -- New discrete slot added to inventory: '123'
2026.05.30 13-12-15 -- INFO -- User profile metadata securely deployed for: '123'
2026.05.30 13-12-27 -- ERROR -- Image scaling deployment failed: 'str' object has no attribute 'value'
2026.05.30 13-12-29 -- INFO -- Item 062e7bee-7c3c-4d4b-9085-22249ed09622 successfully edited and saved on disk.
2026.05.30 13-12-29 -- INFO -- User profile metadata securely deployed for: '123'
2026.05.30 13-12-36 -- ERROR -- Image scaling deployment failed: 'str' object has no attribute 'value'
2026.05.30 13-12-38 -- INFO -- Item 062e7bee-7c3c-4d4b-9085-22249ed09622 successfully edited and saved on disk.
2026.05.30 13-12-38 -- INFO -- User profile metadata securely deployed for: '123'
2026.05.30 13-12-58 -- INFO -- Item 062e7bee-7c3c-4d4b-9085-22249ed09622 successfully edited and saved on disk.
2026.05.30 13-12-58 -- INFO -- User profile metadata securely deployed for: '123'
2026.05.30 13-13-09 -- INFO -- Item initialized. Bound icon path: bench.png
2026.05.30 13-13-09 -- INFO -- Random item generated: Скамья для жима регулируемая (bench)
2026.05.30 13-13-09 -- INFO -- New discrete slot added to inventory: 'Скамья для жима регулируемая'
2026.05.30 13-13-09 -- INFO -- User profile metadata securely deployed for: '123'
2026.05.30 13-13-09 -- INFO -- Item initialized. Bound icon path: cardio_machine.png
2026.05.30 13-13-09 -- INFO -- Random item generated: Беговая дорожка X-Fit (cardio_machine)
2026.05.30 13-13-09 -- INFO -- New discrete slot added to inventory: 'Беговая дорожка X-Fit'
2026.05.30 13-13-09 -- INFO -- User profile metadata securely deployed for: '123'
2026.05.30 13-13-10 -- INFO -- Item initialized. Bound icon path: free_weight.png
2026.05.30 13-13-10 -- INFO -- Random item generated: Гриф олимпийский 20кг (free_weight)
2026.05.30 13-13-10 -- INFO -- New discrete slot added to inventory: 'Гриф олимпийский 20кг'
2026.05.30 13-13-10 -- INFO -- User profile metadata securely deployed for: '123'
2026.05.30 13-13-29 -- ERROR -- Image scaling deployment failed: 'str' object has no attribute 'value'
2026.05.30 13-13-31 -- INFO -- Item 062e7bee-7c3c-4d4b-9085-22249ed09622 successfully edited and saved on disk.
2026.05.30 13-13-31 -- INFO -- User profile metadata securely deployed for: '123'
2026.05.30 13-13-39 -- INFO -- Item initialized. Bound icon path: bench.png
2026.05.30 13-13-39 -- INFO -- Item initialized. Bound icon path: flexibility_equipment.png
2026.05.30 13-13-39 -- INFO -- Item initialized. Bound icon path: protective_gear.png
2026.05.30 13-13-39 -- INFO -- Item initialized. Bound icon path: flexibility_equipment.png
2026.05.30 13-13-39 -- INFO -- Item initialized. Bound icon path: ball.png
2026.05.30 13-13-39 -- INFO -- Item initialized. Bound icon path: sports_gear.png
2026.05.30 13-13-39 -- INFO -- Item initialized. Bound icon path: ball.png
2026.05.30 13-13-39 -- INFO -- Item initialized. Bound icon path: sports_gear.png
2026.05.30 13-13-39 -- INFO -- Item initialized. Bound icon path: cardio_machine.png
2026.05.30 13-13-39 -- INFO -- Item initialized. Bound icon path: sports_gear.png
2026.05.30 13-13-39 -- INFO -- Item initialized. Bound icon path: ball.png
2026.05.30 13-13-39 -- INFO -- Item initialized. Bound icon path: cardio_machine.png
2026.05.30 13-13-39 -- INFO -- Item initialized. Bound icon path: flexibility_equipment.png
2026.05.30 13-13-39 -- INFO -- Item initialized. Bound icon path: bench.png
2026.05.30 13-13-39 -- INFO -- Item initialized. Bound icon path: free_weight.png
2026.05.30 13-13-39 -- INFO -- Item initialized. Bound icon path: clothing_small.png
2026.05.30 13-13-39 -- INFO -- Item initialized. Bound icon path: protective_gear.png
2026.05.30 13-13-39 -- INFO -- Item initialized. Bound icon path: clothing_small.png
2026.05.30 13-13-39 -- INFO -- User profile loaded from database: 'TheRisingStorm'
2026.05.30 13-13-39 -- INFO -- Credentials successfully verified for user: 'TheRisingStorm'
2026.05.30 13-13-39 -- INFO -- User session closed for: '123'
2026.05.30 13-13-39 -- INFO -- User session successfully started for: 'TheRisingStorm'
2026.05.30 13-13-52 -- ERROR -- Image scaling deployment failed: 'str' object has no attribute 'value'
2026.05.30 13-13-53 -- INFO -- Item 32156706-1843-4739-ab56-949fd50fc896 successfully edited and saved on disk.
2026.05.30 13-13-53 -- INFO -- User profile metadata securely deployed for: 'TheRisingStorm'
2026.05.30 13-17-31 -- INFO -- User session closed for: 'TheRisingStorm'
2026.05.30 13-18-00 -- INFO -- Item initialized. Bound icon path: cardio_machine.png
2026.05.30 13-18-00 -- INFO -- Item initialized. Bound icon path: clothing_small.png
2026.05.30 13-18-00 -- INFO -- Item initialized. Bound icon path: cardio_machine.png
2026.05.30 13-18-00 -- INFO -- Item initialized. Bound icon path: bench.png
2026.05.30 13-18-00 -- INFO -- Item initialized. Bound icon path: cardio_machine.png
2026.05.30 13-18-00 -- INFO -- Item initialized. Bound icon path: free_weight.png
2026.05.30 13-18-00 -- INFO -- User profile loaded from database: '123'
2026.05.30 13-18-00 -- INFO -- Credentials successfully verified for user: '123'
2026.05.30 13-18-00 -- INFO -- User session successfully started for: '123'
2026.05.30 13-18-10 -- ERROR -- Image scaling deployment failed: 'str' object has no attribute 'value'
2026.05.30 13-18-11 -- INFO -- Item dc5a026b-a178-414f-a4a1-bff00d8b66bf successfully edited and saved on disk.
2026.05.30 13-18-11 -- INFO -- User profile metadata securely deployed for: '123'
2026.05.30 13-18-20 -- ERROR -- Image scaling deployment failed: 'str' object has no attribute 'value'
2026.05.30 13-18-22 -- INFO -- Item b737df22-eaf6-4649-a1a2-cab772eb95a4 successfully edited and saved on disk.
2026.05.30 13-18-22 -- INFO -- User profile metadata securely deployed for: '123'
2026.05.30 13-18-23 -- INFO -- User session closed for: '123'
2026.05.30 13-22-44 -- INFO -- Item initialized. Bound icon path: cardio_machine.png
2026.05.30 13-22-44 -- INFO -- Item initialized. Bound icon path: clothing_small.png
2026.05.30 13-22-44 -- INFO -- Item initialized. Bound icon path: cardio_machine.png
2026.05.30 13-22-44 -- INFO -- Item initialized. Bound icon path: bench.png
2026.05.30 13-22-44 -- INFO -- Item initialized. Bound icon path: cardio_machine.png
2026.05.30 13-22-44 -- INFO -- Item initialized. Bound icon path: free_weight.png
2026.05.30 13-22-44 -- INFO -- User profile loaded from database: '123'
2026.05.30 13-22-44 -- INFO -- Credentials successfully verified for user: '123'
2026.05.30 13-22-44 -- INFO -- User session successfully started for: '123'
2026.05.30 13-22-53 -- INFO -- Item initialized. Bound icon path: cardio_machine.png
2026.05.30 13-22-54 -- INFO -- Custom user icon successfully optimized and saved to assets: custom_dc5a026b-a178-414f-a4a1-bff00d8b66bf.png
2026.05.30 13-22-59 -- INFO -- Item dc5a026b-a178-414f-a4a1-bff00d8b66bf successfully edited and saved on disk.
2026.05.30 13-22-59 -- INFO -- User profile metadata securely deployed for: '123'
2026.05.30 13-23-37 -- INFO -- Item initialized. Bound icon path: clothing_small.png
2026.05.30 13-23-37 -- INFO -- Custom user icon successfully optimized and saved to assets: custom_b737df22-eaf6-4649-a1a2-cab772eb95a4.png
2026.05.30 13-23-38 -- INFO -- Item b737df22-eaf6-4649-a1a2-cab772eb95a4 successfully edited and saved on disk.
2026.05.30 13-23-38 -- INFO -- User profile metadata securely deployed for: '123'
2026.05.30 13-27-12 -- INFO -- Item e083b771-d766-43b7-a6a0-82e4b1a10d3b successfully edited and saved on disk.
2026.05.30 13-27-12 -- INFO -- User profile metadata securely deployed for: '123'
2026.05.30 13-27-34 -- INFO -- Item e083b771-d766-43b7-a6a0-82e4b1a10d3b successfully edited and saved on disk.
2026.05.30 13-27-34 -- INFO -- User profile metadata securely deployed for: '123'
2026.05.30 13-29-56 -- INFO -- User session closed for: '123'
2026.05.30 13-30-27 -- INFO -- Item initialized. Bound icon path: default.png
2026.05.30 13-30-27 -- INFO -- Item initialized. Bound icon path: default.png
2026.05.30 13-30-27 -- INFO -- Item initialized. Bound icon path: cardio_machine.png
2026.05.30 13-30-27 -- INFO -- Item initialized. Bound icon path: bench.png
2026.05.30 13-30-27 -- INFO -- Item initialized. Bound icon path: cardio_machine.png
2026.05.30 13-30-27 -- INFO -- Item initialized. Bound icon path: free_weight.png
2026.05.30 13-30-27 -- INFO -- User profile loaded from database: '123'
2026.05.30 13-30-27 -- INFO -- Credentials successfully verified for user: '123'
2026.05.30 13-30-27 -- INFO -- User session successfully started for: '123'
2026.05.30 13-30-42 -- ERROR -- Image scaling deployment failed: 'str' object has no attribute 'value'
2026.05.30 13-30-48 -- INFO -- Item dc5a026b-a178-414f-a4a1-bff00d8b66bf successfully edited and saved on disk.
2026.05.30 13-30-48 -- INFO -- User profile metadata securely deployed for: '123'
2026.05.30 13-30-55 -- ERROR -- Image scaling deployment failed: 'str' object has no attribute 'value'
2026.05.30 13-31-42 -- INFO -- User session closed for: '123'
2026.05.30 13-43-30 -- INFO -- Item initialized. Bound icon path: default.png
2026.05.30 13-43-30 -- INFO -- Item initialized. Bound icon path: default.png
2026.05.30 13-43-30 -- INFO -- Item initialized. Bound icon path: cardio_machine.png
2026.05.30 13-43-30 -- INFO -- Item initialized. Bound icon path: bench.png
2026.05.30 13-43-30 -- INFO -- Item initialized. Bound icon path: cardio_machine.png
2026.05.30 13-43-30 -- INFO -- Item initialized. Bound icon path: free_weight.png
2026.05.30 13-43-30 -- INFO -- User profile loaded from database: '123'
2026.05.30 13-43-30 -- INFO -- Credentials successfully verified for user: '123'
2026.05.30 13-43-30 -- INFO -- User session successfully started for: '123'
2026.05.30 13-43-49 -- INFO -- Item initialized. Bound icon path: clothing_small.png
2026.05.30 13-43-50 -- INFO -- Custom user icon successfully optimized and saved to assets: custom_b737df22-eaf6-4649-a1a2-cab772eb95a4.png
2026.05.30 13-43-51 -- INFO -- Item b737df22-eaf6-4649-a1a2-cab772eb95a4 successfully edited and saved on disk.
2026.05.30 13-43-51 -- INFO -- User profile metadata securely deployed for: '123'
2026.05.30 13-43-58 -- INFO -- Item initialized. Bound icon path: clothing_small.png
2026.05.30 13-43-58 -- INFO -- Custom user icon successfully optimized and saved to assets: custom_b737df22-eaf6-4649-a1a2-cab772eb95a4.png
2026.05.30 13-44-00 -- INFO -- Item b737df22-eaf6-4649-a1a2-cab772eb95a4 successfully edited and saved on disk.
2026.05.30 13-44-00 -- INFO -- User profile metadata securely deployed for: '123'
2026.05.30 13-44-24 -- INFO -- Item initialized. Bound icon path: cardio_machine.png
2026.05.30 13-44-24 -- INFO -- Custom user icon successfully optimized and saved to assets: custom_dc5a026b-a178-414f-a4a1-bff00d8b66bf.png
2026.05.30 13-44-26 -- INFO -- Item dc5a026b-a178-414f-a4a1-bff00d8b66bf successfully edited and saved on disk.
2026.05.30 13-44-26 -- INFO -- User profile metadata securely deployed for: '123'
2026.05.30 13-44-33 -- INFO -- Item initialized. Bound icon path: cardio_machine.png
2026.05.30 13-44-34 -- INFO -- Custom user icon successfully optimized and saved to assets: custom_dc5a026b-a178-414f-a4a1-bff00d8b66bf.png
2026.05.30 13-44-35 -- INFO -- Item dc5a026b-a178-414f-a4a1-bff00d8b66bf successfully edited and saved on disk.
2026.05.30 13-44-35 -- INFO -- User profile metadata securely deployed for: '123'
